2025-11-26 14:24:50 [main] INFO  c.finesse.FinesseBackendApplication - Starting FinesseBackendApplication v1.0.0 using Java 25.0.1 with PID 30340 (D:\Finesse-app\backend\target\finesse-backend-1.0.0.jar started by Roger in D:\Finesse-app\backend)
2025-11-26 14:24:50 [main] INFO  c.finesse.FinesseBackendApplication - The following 1 profile is active: "dev"
2025-11-26 14:24:52 [main] INFO  o.s.d.r.c.RepositoryConfigurationDelegate - Bootstrapping Spring Data JPA repositories in DEFAULT mode.
2025-11-26 14:24:52 [main] INFO  o.s.d.r.c.RepositoryConfigurationDelegate - Finished Spring Data repository scanning in 55 ms. Found 1 JPA repository interface.
2025-11-26 14:24:53 [main] INFO  o.s.b.w.e.tomcat.TomcatWebServer - Tomcat initialized with port 8080 (http)
2025-11-26 14:24:53 [main] INFO  o.a.catalina.core.StandardService - Starting service [Tomcat]
2025-11-26 14:24:53 [main] INFO  o.a.catalina.core.StandardEngine - Starting Servlet engine: [Apache Tomcat/10.1.16]
2025-11-26 14:24:53 [main] INFO  o.a.c.c.C.[.[localhost].[/api] - Initializing Spring embedded WebApplicationContext
2025-11-26 14:24:53 [main] INFO  o.s.b.w.s.c.ServletWebServerApplicationContext - Root WebApplicationContext: initialization completed in 2899 ms
2025-11-26 14:24:54 [main] INFO  o.h.jpa.internal.util.LogHelper - HHH000204: Processing PersistenceUnitInfo [name: default]
2025-11-26 14:24:54 [main] INFO  org.hibernate.Version - HHH000412: Hibernate ORM core version 6.3.1.Final
2025-11-26 14:24:54 [main] INFO  o.h.c.i.RegionFactoryInitiator - HHH000026: Second-level cache disabled
2025-11-26 14:24:54 [main] INFO  o.s.o.j.p.SpringPersistenceUnitInfo - No LoadTimeWeaver setup: ignoring JPA class transformer
2025-11-26 14:24:54 [main] INFO  com.zaxxer.hikari.HikariDataSource - HikariPool-1 - Starting...
2025-11-26 14:24:55 [main] INFO  com.zaxxer.hikari.pool.HikariPool - HikariPool-1 - Added connection org.postgresql.jdbc.PgConnection@7157413e
2025-11-26 14:24:55 [main] INFO  com.zaxxer.hikari.HikariDataSource - HikariPool-1 - Start completed.
2025-11-26 14:24:56 [main] INFO  o.h.e.t.j.p.i.JtaPlatformInitiator - HHH000489: No JTA platform available (set 'hibernate.transaction.jta.platform' to enable JTA platform integration)
2025-11-26 14:24:56 [main] INFO  o.s.o.j.LocalContainerEntityManagerFactoryBean - Initialized JPA EntityManagerFactory for persistence unit 'default'
2025-11-26 14:24:57 [main] WARN  o.s.b.a.o.j.JpaBaseConfiguration$JpaWebConfiguration - spring.jpa.open-in-view is enabled by default. Therefore, database queries may be performed during view rendering. Explicitly configure spring.jpa.open-in-view to disable this warning
2025-11-26 14:24:57 [main] INFO  o.s.b.a.e.web.EndpointLinksResolver - Exposing 3 endpoint(s) beneath base path '/actuator'
2025-11-26 14:24:57 [main] INFO  o.s.s.web.DefaultSecurityFilterChain - Will secure any request with [org.springframework.security.web.session.DisableEncodeUrlFilter@7ef706b0, org.springframework.security.web.context.request.async.WebAsyncManagerIntegrationFilter@793577e0, org.springframework.security.web.context.SecurityContextHolderFilter@6cfa20c1, org.springframework.security.web.header.HeaderWriterFilter@4723445c, org.springframework.web.filter.CorsFilter@39e75e88, org.springframework.security.web.authentication.logout.LogoutFilter@1196950e, com.finesse.security.JwtAuthenticationFilter@3fc064cb, org.springframework.security.web.savedrequest.RequestCacheAwareFilter@23972e02, org.springframework.security.web.servletapi.SecurityContextHolderAwareRequestFilter@4d96c290, org.springframework.security.web.authentication.AnonymousAuthenticationFilter@642ebd4c, org.springframework.security.web.session.SessionManagementFilter@b41ceac, org.springframework.security.web.access.ExceptionTranslationFilter@a6f34f5, org.springframework.security.web.access.intercept.AuthorizationFilter@23317e8a]
2025-11-26 14:24:58 [main] INFO  o.s.b.w.e.tomcat.TomcatWebServer - Tomcat started on port 8080 (http) with context path '/api'
2025-11-26 14:24:58 [main] INFO  c.finesse.FinesseBackendApplication - Started FinesseBackendApplication in 8.447 seconds (process running for 9.078)
2025-11-26 14:25:49 [SpringApplicationShutdownHook] INFO  o.s.o.j.LocalContainerEntityManagerFactoryBean - Closing JPA EntityManagerFactory for persistence unit 'default'
2025-11-26 14:25:49 [SpringApplicationShutdownHook] INFO  com.zaxxer.hikari.HikariDataSource - HikariPool-1 - Shutdown initiated...
2025-11-26 14:25:49 [SpringApplicationShutdownHook] INFO  com.zaxxer.hikari.HikariDataSource - HikariPool-1 - Shutdown completed.
